0 info it worked if it ends with ok
1 verbose cli [ 'C:\\Program Files\\nodejs\\node.exe',
1 verbose cli   'C:\\Program Files\\nodejs\\node_modules\\npm\\bin\\npm-cli.js',
1 verbose cli   'start' ]
2 info using npm@3.10.10
3 info using node@v6.11.4
4 verbose run-script [ 'prestart', 'start', 'poststart' ]
5 info lifecycle rwd@1.0.0~prestart: rwd@1.0.0
6 silly lifecycle rwd@1.0.0~prestart: no script for prestart, continuing
7 info lifecycle rwd@1.0.0~start: rwd@1.0.0
8 verbose lifecycle rwd@1.0.0~start: unsafe-perm in lifecycle true
9 verbose lifecycle rwd@1.0.0~start: PATH: C:\nvm\v6.11.4\node_modules\npm\bin\node-gyp-bin;D:\JellyCoding\Layout\node_modules\.bin;C:\Program Files (x86)\Intel\iCLS Client\;C:\Program Files\Intel\iCLS Client\;C:\Windows\system32;C:\Windows;C:\Windows\System32\Wbem;C:\Windows\System32\WindowsPowerShell\v1.0\;C:\Program Files (x86)\NVIDIA Corporation\PhysX\Common;C:\Program Files (x86)\Intel\Intel(R) Management Engine Components\DAL;C:\Program Files\Intel\Intel(R) Management Engine Components\DAL;C:\Program Files (x86)\Intel\Intel(R) Management Engine Components\IPT;C:\Program Files\Intel\Intel(R) Management Engine Components\IPT;C:\Program Files\Intel\WiFi\bin\;C:\Program Files\Common Files\Intel\WirelessCommon\;C:\Windows\Microsoft.NET\Framework64\v4.0.30319;C:\Program Files (x86)\Microsoft SQL Server\130\Tools\Binn\;C:\Program Files\Microsoft SQL Server\130\Tools\Binn\;C:\Program Files (x86)\Microsoft SQL Server\130\DTS\Binn\;C:\Program Files\Microsoft SQL Server\130\DTS\Binn\;C:\Program Files\Microsoft SQL Server\Client SDK\ODBC\130\Tools\Binn\;C:\Program Files (x86)\Microsoft SQL Server\Client SDK\ODBC\130\Tools\Binn\;C:\Program Files;C:\Users\ASUS\AppData\Local\Microsoft\WindowsApps;C:\Program Files\Microsoft VS Code\bin;%NVM_HOME%;C:\Program Files\nodejs
10 verbose lifecycle rwd@1.0.0~start: CWD: D:\JellyCoding\Layout
11 silly lifecycle rwd@1.0.0~start: Args: [ '/d /s /c',
11 silly lifecycle   'browser-sync start --server --files "**/*.html,**/*.css,**/*.js" --directory --browser "chrome"' ]
12 silly lifecycle rwd@1.0.0~start: Returned: code: 3221225786  signal: null
13 info lifecycle rwd@1.0.0~start: Failed to exec start script
14 verbose stack Error: rwd@1.0.0 start: `browser-sync start --server --files "**/*.html,**/*.css,**/*.js" --directory --browser "chrome"`
14 verbose stack Exit status 3221225786
14 verbose stack     at EventEmitter.<anonymous> (C:\nvm\v6.11.4\node_modules\npm\lib\utils\lifecycle.js:255:16)
14 verbose stack     at emitTwo (events.js:106:13)
14 verbose stack     at EventEmitter.emit (events.js:191:7)
14 verbose stack     at ChildProcess.<anonymous> (C:\nvm\v6.11.4\node_modules\npm\lib\utils\spawn.js:40:14)
14 verbose stack     at emitTwo (events.js:106:13)
14 verbose stack     at ChildProcess.emit (events.js:191:7)
14 verbose stack     at maybeClose (internal/child_process.js:920:16)
14 verbose stack     at Process.ChildProcess._handle.onexit (internal/child_process.js:230:5)
15 verbose pkgid rwd@1.0.0
16 verbose cwd D:\JellyCoding\Layout
17 error Windows_NT 10.0.14393
18 error argv "C:\\Program Files\\nodejs\\node.exe" "C:\\Program Files\\nodejs\\node_modules\\npm\\bin\\npm-cli.js" "start"
19 error node v6.11.4
20 error npm  v3.10.10
21 error code ELIFECYCLE
22 error rwd@1.0.0 start: `browser-sync start --server --files "**/*.html,**/*.css,**/*.js" --directory --browser "chrome"`
22 error Exit status 3221225786
23 error Failed at the rwd@1.0.0 start script 'browser-sync start --server --files "**/*.html,**/*.css,**/*.js" --directory --browser "chrome"'.
23 error Make sure you have the latest version of node.js and npm installed.
23 error If you do, this is most likely a problem with the rwd package,
23 error not with npm itself.
23 error Tell the author that this fails on your system:
23 error     browser-sync start --server --files "**/*.html,**/*.css,**/*.js" --directory --browser "chrome"
23 error You can get information on how to open an issue for this project with:
23 error     npm bugs rwd
23 error Or if that isn't available, you can get their info via:
23 error     npm owner ls rwd
23 error There is likely additional logging output above.
24 verbose exit [ 1, true ]
